WARNING: Packing source code into tar to upload...
WARNING: Excluding '.gitignore' based on default ignore rules
WARNING: Excluding '.git' based on default ignore rules
WARNING: Uploading archived source code from '/tmp/build_archive_5de84e2a312f4b74b605f5be82f5a604.tar.gz'...
WARNING: Sending context (59.187 MiB) to registry: facturadorsvacr...
WARNING: Queued a build with ID: cad
WARNING: Waiting for an agent...
2026/01/30 21:36:05 Downloading source code...
2026/01/30 21:36:07 Finished downloading source code
2026/01/30 21:36:07 Using acb_vol_abe6a24a-0de6-48fb-ade9-7620c044f38a as the home volume
2026/01/30 21:36:07 Setting up Docker configuration...
2026/01/30 21:36:08 Successfully set up Docker configuration
2026/01/30 21:36:08 Logging in to registry: facturadorsvacr.azurecr.io
2026/01/30 21:36:08 Successfully logged into facturadorsvacr.azurecr.io
2026/01/30 21:36:08 Executing step ID: build. Timeout(sec): 28800, Working directory: '', Network: ''
2026/01/30 21:36:08 Scanning for dependencies...
2026/01/30 21:36:09 Successfully scanned dependencies
2026/01/30 21:36:09 Launching container with name: build
Sending build context to Docker daemon  96.43MB
Step 1/31 : FROM node:20-alpine AS builder
20-alpine: Pulling from library/node
589002ba0eae: Pulling fs layer
ad6d96c196e3: Pulling fs layer
eb87f4721c91: Pulling fs layer
e31b20165522: Pulling fs layer
e31b20165522: Waiting
eb87f4721c91: Verifying Checksum
eb87f4721c91: Download complete
589002ba0eae: Verifying Checksum
589002ba0eae: Download complete
e31b20165522: Verifying Checksum
e31b20165522: Download complete
589002ba0eae: Pull complete
ad6d96c196e3: Download complete
ad6d96c196e3: Pull complete
eb87f4721c91: Pull complete
e31b20165522: Pull complete
Digest: sha256:09e2b3d9726018aecf269bd35325f46bf75046a643a66d28360ec71132750ec8
Status: Downloaded newer image for node:20-alpine
 ---> 458b0b7c1c60
Step 2/31 : RUN apk add --no-cache openssl openssl-dev libc6-compat
 ---> Running in 1e33128a678f
(1/6) Installing musl-obstack (1.2.3-r2)
(2/6) Installing libucontext (1.3.3-r0)
(3/6) Installing gcompat (1.1.0-r4)
(4/6) Installing openssl (3.5.5-r0)
(5/6) Installing pkgconf (2.5.1-r0)
(6/6) Installing openssl-dev (3.5.5-r0)
Executing busybox-1.37.0-r30.trigger
OK: 13.8 MiB in 24 packages
Removing intermediate container 1e33128a678f
 ---> 2e3c821ef056
Step 3/31 : WORKDIR /app
 ---> Running in 0d28117ccf97
Removing intermediate container 0d28117ccf97
 ---> db24ba15f68d
Step 4/31 : COPY package*.json ./
